0 info it worked if it ends with ok
1 verbose cli [ 'C:\\Program Files\\nodejs\\node.exe',
1 verbose cli   'C:\\Users\\wangt\\AppData\\Roaming\\npm\\node_modules\\npm\\bin\\npm-cli.js',
1 verbose cli   'install',
1 verbose cli   '--save',
1 verbose cli   'jspdf' ]
2 info using npm@4.0.2
3 info using node@v6.9.1
4 silly loadCurrentTree Starting
5 silly install loadCurrentTree
6 silly install readLocalPackageData
7 silly fetchPackageMetaData jspdf
8 silly fetchNamedPackageData jspdf
9 silly mapToRegistry name jspdf
10 silly mapToRegistry using default registry
11 silly mapToRegistry registry https://registry.npmjs.org/
12 silly mapToRegistry data Result {
12 silly mapToRegistry   raw: 'jspdf',
12 silly mapToRegistry   scope: null,
12 silly mapToRegistry   escapedName: 'jspdf',
12 silly mapToRegistry   name: 'jspdf',
12 silly mapToRegistry   rawSpec: '',
12 silly mapToRegistry   spec: 'latest',
12 silly mapToRegistry   type: 'tag' }
13 silly mapToRegistry uri https://registry.npmjs.org/jspdf
14 verbose request uri https://registry.npmjs.org/jspdf
15 verbose request no auth needed
16 info attempt registry request try #1 at 10:28:11
17 verbose request id f2d28f2dd8d22104
18 http request GET https://registry.npmjs.org/jspdf
19 http 200 https://registry.npmjs.org/jspdf
20 verbose headers { server: 'nginx/1.10.1',
20 verbose headers   'content-type': 'application/json',
20 verbose headers   'last-modified': 'Fri, 09 Jun 2017 07:57:12 GMT',
20 verbose headers   etag: 'W/"593a54d8-3991"',
20 verbose headers   'content-encoding': 'gzip',
20 verbose headers   'cache-control': 'max-age=300',
20 verbose headers   'content-length': '3968',
20 verbose headers   'accept-ranges': 'bytes',
20 verbose headers   date: 'Tue, 27 Jun 2017 09:28:11 GMT',
20 verbose headers   via: '1.1 varnish',
20 verbose headers   age: '0',
20 verbose headers   connection: 'keep-alive',
20 verbose headers   'x-served-by': 'cache-lcy1144-LCY',
20 verbose headers   'x-cache': 'HIT',
20 verbose headers   'x-cache-hits': '1',
20 verbose headers   'x-timer': 'S1498555691.061058,VS0,VE18',
20 verbose headers   vary: 'Accept-Encoding' }
21 silly get cb [ 200,
21 silly get   { server: 'nginx/1.10.1',
21 silly get     'content-type': 'application/json',
21 silly get     'last-modified': 'Fri, 09 Jun 2017 07:57:12 GMT',
21 silly get     etag: 'W/"593a54d8-3991"',
21 silly get     'content-encoding': 'gzip',
21 silly get     'cache-control': 'max-age=300',
21 silly get     'content-length': '3968',
21 silly get     'accept-ranges': 'bytes',
21 silly get     date: 'Tue, 27 Jun 2017 09:28:11 GMT',
21 silly get     via: '1.1 varnish',
21 silly get     age: '0',
21 silly get     connection: 'keep-alive',
21 silly get     'x-served-by': 'cache-lcy1144-LCY',
21 silly get     'x-cache': 'HIT',
21 silly get     'x-cache-hits': '1',
21 silly get     'x-timer': 'S1498555691.061058,VS0,VE18',
21 silly get     vary: 'Accept-Encoding' } ]
22 verbose get saving jspdf to C:\Users\wangt\AppData\Roaming\npm-cache\registry.npmjs.org\jspdf\.cache.json
23 verbose correctMkdir C:\Users\wangt\AppData\Roaming\npm-cache correctMkdir not in flight; initializing
24 silly install normalizeTree
25 silly loadCurrentTree Finishing
26 silly loadIdealTree Starting
27 silly install loadIdealTree
28 silly cloneCurrentTree Starting
29 silly install cloneCurrentTreeToIdealTree
30 silly cloneCurrentTree Finishing
31 silly loadShrinkwrap Starting
32 silly install loadShrinkwrap
33 silly loadShrinkwrap Finishing
34 silly loadAllDepsIntoIdealTree Starting
35 silly install loadAllDepsIntoIdealTree
36 silly resolveWithNewModule jspdf@1.3.3 checking installable status
37 silly cache add args [ 'jspdf', null ]
38 verbose cache add spec jspdf
39 silly cache add parsed spec Result {
39 silly cache add   raw: 'jspdf',
39 silly cache add   scope: null,
39 silly cache add   escapedName: 'jspdf',
39 silly cache add   name: 'jspdf',
39 silly cache add   rawSpec: '',
39 silly cache add   spec: 'latest',
39 silly cache add   type: 'tag' }
40 silly addNamed jspdf@latest
41 verbose addNamed "latest" is being treated as a dist-tag for jspdf
42 info addNameTag [ 'jspdf', 'latest' ]
43 silly mapToRegistry name jspdf
44 silly mapToRegistry using default registry
45 silly mapToRegistry registry https://registry.npmjs.org/
46 silly mapToRegistry data Result {
46 silly mapToRegistry   raw: 'jspdf',
46 silly mapToRegistry   scope: null,
46 silly mapToRegistry   escapedName: 'jspdf',
46 silly mapToRegistry   name: 'jspdf',
46 silly mapToRegistry   rawSpec: '',
46 silly mapToRegistry   spec: 'latest',
46 silly mapToRegistry   type: 'tag' }
47 silly mapToRegistry uri https://registry.npmjs.org/jspdf
48 verbose addNameTag registry:https://registry.npmjs.org/jspdf not in flight; fetching
49 verbose get https://registry.npmjs.org/jspdf not expired, no request
50 silly addNameTag next cb for jspdf with tag latest
51 silly addNamed jspdf@1.3.3
52 verbose addNamed "1.3.3" is a plain semver version for jspdf
53 silly mapToRegistry name jspdf
54 silly mapToRegistry using default registry
55 silly mapToRegistry registry https://registry.npmjs.org/
56 silly mapToRegistry data Result {
56 silly mapToRegistry   raw: 'jspdf',
56 silly mapToRegistry   scope: null,
56 silly mapToRegistry   escapedName: 'jspdf',
56 silly mapToRegistry   name: 'jspdf',
56 silly mapToRegistry   rawSpec: '',
56 silly mapToRegistry   spec: 'latest',
56 silly mapToRegistry   type: 'tag' }
57 silly mapToRegistry uri https://registry.npmjs.org/jspdf
58 verbose addRemoteTarball https://registry.npmjs.org/jspdf/-/jspdf-1.3.3.tgz not in flight; adding
59 verbose addRemoteTarball [ 'https://registry.npmjs.org/jspdf/-/jspdf-1.3.3.tgz',
59 verbose addRemoteTarball   'b3b76d6256acbd2032bfe96cf88304696e11de0c' ]
60 info retry fetch attempt 1 at 10:28:11
61 info attempt registry request try #1 at 10:28:11
62 http fetch GET https://registry.npmjs.org/jspdf/-/jspdf-1.3.3.tgz
63 http fetch 200 https://registry.npmjs.org/jspdf/-/jspdf-1.3.3.tgz
64 silly fetchAndShaCheck shasum b3b76d6256acbd2032bfe96cf88304696e11de0c
65 verbose addTmpTarball C:\Users\wangt\AppData\Local\Temp\npm-6768-0c2c32aa\registry.npmjs.org\jspdf\-\jspdf-1.3.3.tgz not in flight; adding
66 verbose addTmpTarball already have metadata; skipping unpack for jspdf@1.3.3
67 verbose correctMkdir C:\Users\wangt\AppData\Roaming\npm-cache correctMkdir not in flight; initializing
68 silly cache afterAdd jspdf@1.3.3
69 verbose afterAdd C:\Users\wangt\AppData\Roaming\npm-cache\jspdf\1.3.3\package\package.json not in flight; writing
70 verbose correctMkdir C:\Users\wangt\AppData\Roaming\npm-cache correctMkdir not in flight; initializing
71 verbose afterAdd C:\Users\wangt\AppData\Roaming\npm-cache\jspdf\1.3.3\package\package.json written
72 silly fetchNamedPackageData cf-blob.js
73 silly mapToRegistry name cf-blob.js
74 silly mapToRegistry using default registry
75 silly mapToRegistry registry https://registry.npmjs.org/
76 silly mapToRegistry data Result {
76 silly mapToRegistry   raw: 'cf-blob.js',
76 silly mapToRegistry   scope: null,
76 silly mapToRegistry   escapedName: 'cf-blob.js',
76 silly mapToRegistry   name: 'cf-blob.js',
76 silly mapToRegistry   rawSpec: '',
76 silly mapToRegistry   spec: 'latest',
76 silly mapToRegistry   type: 'tag' }
77 silly mapToRegistry uri https://registry.npmjs.org/cf-blob.js
78 silly fetchOtherPackageData adler32cs@github:chick307/adler32cs.js
79 silly cache add args [ 'adler32cs@github:chick307/adler32cs.js', null ]
80 verbose cache add spec adler32cs@github:chick307/adler32cs.js
81 silly fetchOtherPackageData filesaver.js@github:andyinabox/FileSaver.js
82 silly cache add args [ 'filesaver.js@github:andyinabox/FileSaver.js', null ]
83 verbose cache add spec filesaver.js@github:andyinabox/FileSaver.js
84 verbose request uri https://registry.npmjs.org/cf-blob.js
85 verbose request no auth needed
86 info attempt registry request try #1 at 10:28:11
87 http request GET https://registry.npmjs.org/cf-blob.js
88 silly cache add parsed spec Result {
88 silly cache add   raw: 'adler32cs@github:chick307/adler32cs.js',
88 silly cache add   scope: null,
88 silly cache add   escapedName: 'adler32cs',
88 silly cache add   name: 'adler32cs',
88 silly cache add   rawSpec: 'github:chick307/adler32cs.js',
88 silly cache add   spec: 'github:chick307/adler32cs.js',
88 silly cache add   type: 'hosted',
88 silly cache add   hosted:
88 silly cache add    { type: 'github',
88 silly cache add      ssh: 'git@github.com:chick307/adler32cs.js.git',
88 silly cache add      sshUrl: 'git+ssh://git@github.com/chick307/adler32cs.js.git',
88 silly cache add      httpsUrl: 'git+https://github.com/chick307/adler32cs.js.git',
88 silly cache add      gitUrl: 'git://github.com/chick307/adler32cs.js.git',
88 silly cache add      shortcut: 'github:chick307/adler32cs.js',
88 silly cache add      directUrl: 'https://raw.githubusercontent.com/chick307/adler32cs.js/master/package.json' } }
89 verbose addRemoteGit caching github:chick307/adler32cs.js
90 verbose addRemoteGit chick307/adler32cs.js is a repository hosted by github
91 silly tryGitProto attempting to clone git://github.com/chick307/adler32cs.js.git
92 silly tryClone cloning chick307/adler32cs.js via git://github.com/chick307/adler32cs.js.git
93 verbose tryClone git-github-com-chick307-adler32cs-js-git-428b6691 not in flight; caching
94 verbose correctMkdir C:\Users\wangt\AppData\Roaming\npm-cache\_git-remotes correctMkdir not in flight; initializing
95 silly cache add parsed spec Result {
95 silly cache add   raw: 'filesaver.js@github:andyinabox/FileSaver.js',
95 silly cache add   scope: null,
95 silly cache add   escapedName: 'filesaver.js',
95 silly cache add   name: 'filesaver.js',
95 silly cache add   rawSpec: 'github:andyinabox/FileSaver.js',
95 silly cache add   spec: 'github:andyinabox/FileSaver.js',
95 silly cache add   type: 'hosted',
95 silly cache add   hosted:
95 silly cache add    { type: 'github',
95 silly cache add      ssh: 'git@github.com:andyinabox/FileSaver.js.git',
95 silly cache add      sshUrl: 'git+ssh://git@github.com/andyinabox/FileSaver.js.git',
95 silly cache add      httpsUrl: 'git+https://github.com/andyinabox/FileSaver.js.git',
95 silly cache add      gitUrl: 'git://github.com/andyinabox/FileSaver.js.git',
95 silly cache add      shortcut: 'github:andyinabox/FileSaver.js',
95 silly cache add      directUrl: 'https://raw.githubusercontent.com/andyinabox/FileSaver.js/master/package.json' } }
96 verbose addRemoteGit caching github:andyinabox/FileSaver.js
97 verbose addRemoteGit andyinabox/FileSaver.js is a repository hosted by github
98 silly tryGitProto attempting to clone git://github.com/andyinabox/FileSaver.js.git
99 silly tryClone cloning andyinabox/FileSaver.js via git://github.com/andyinabox/FileSaver.js.git
100 verbose tryClone git-github-com-andyinabox-FileSaver-js-git-01d3ff96 not in flight; caching
101 verbose correctMkdir C:\Users\wangt\AppData\Roaming\npm-cache\_git-remotes correctMkdir already in flight; waiting
102 verbose makeDirectory C:\Users\wangt\AppData\Roaming\npm-cache\_git-remotes creation not in flight; initializing
103 verbose makeCacheDir UID & GID are irrelevant on win32
104 verbose git clone --template=C:\Users\wangt\AppData\Roaming\npm-cache\_git-remotes\_templates --mirror git://github.com/chick307/adler32cs.js.git C:\Users\wangt\AppData\Roaming\npm-cache\_git-remotes\git-github-com-chick307-adler32cs-js-git-428b6691: undefined
104 verbose git clone --template=C:\Users\wangt\AppData\Roaming\npm-cache\_git-remotes\_templates --mirror git://github.com/chick307/adler32cs.js.git C:\Users\wangt\AppData\Roaming\npm-cache\_git-remotes\git-github-com-chick307-adler32cs-js-git-428b6691: undefined
105 silly tryHTTPS attempting to clone git+https://github.com/chick307/adler32cs.js.git
106 silly tryClone cloning chick307/adler32cs.js via git+https://github.com/chick307/adler32cs.js.git
107 verbose tryClone git-https-github-com-chick307-adler32cs-js-git-574a3cb0 not in flight; caching
108 verbose correctMkdir C:\Users\wangt\AppData\Roaming\npm-cache\_git-remotes correctMkdir not in flight; initializing
109 verbose git clone --template=C:\Users\wangt\AppData\Roaming\npm-cache\_git-remotes\_templates --mirror git://github.com/andyinabox/FileSaver.js.git C:\Users\wangt\AppData\Roaming\npm-cache\_git-remotes\git-github-com-andyinabox-FileSaver-js-git-01d3ff96: undefined
109 verbose git clone --template=C:\Users\wangt\AppData\Roaming\npm-cache\_git-remotes\_templates --mirror git://github.com/andyinabox/FileSaver.js.git C:\Users\wangt\AppData\Roaming\npm-cache\_git-remotes\git-github-com-andyinabox-FileSaver-js-git-01d3ff96: undefined
110 silly tryHTTPS attempting to clone git+https://github.com/andyinabox/FileSaver.js.git
111 silly tryClone cloning andyinabox/FileSaver.js via git+https://github.com/andyinabox/FileSaver.js.git
112 verbose tryClone git-https-github-com-andyinabox-FileSaver-js-git-f13f0ce3 not in flight; caching
113 verbose correctMkdir C:\Users\wangt\AppData\Roaming\npm-cache\_git-remotes correctMkdir not in flight; initializing
114 http 200 https://registry.npmjs.org/cf-blob.js
115 verbose headers { server: 'nginx/1.10.1',
115 verbose headers   'content-type': 'application/json',
115 verbose headers   'last-modified': 'Sun, 06 Dec 2015 19:47:35 GMT',
115 verbose headers   etag: 'W/"566490d7-6e6"',
115 verbose headers   'content-encoding': 'gzip',
115 verbose headers   'cache-control': 'max-age=300',
115 verbose headers   'content-length': '739',
115 verbose headers   'accept-ranges': 'bytes',
115 verbose headers   date: 'Tue, 27 Jun 2017 09:28:11 GMT',
115 verbose headers   via: '1.1 varnish',
115 verbose headers   age: '0',
115 verbose headers   connection: 'keep-alive',
115 verbose headers   'x-served-by': 'cache-lcy1144-LCY',
115 verbose headers   'x-cache': 'HIT',
115 verbose headers   'x-cache-hits': '1',
115 verbose headers   'x-timer': 'S1498555691.295121,VS0,VE18',
115 verbose headers   vary: 'Accept-Encoding' }
116 silly get cb [ 200,
116 silly get   { server: 'nginx/1.10.1',
116 silly get     'content-type': 'application/json',
116 silly get     'last-modified': 'Sun, 06 Dec 2015 19:47:35 GMT',
116 silly get     etag: 'W/"566490d7-6e6"',
116 silly get     'content-encoding': 'gzip',
116 silly get     'cache-control': 'max-age=300',
116 silly get     'content-length': '739',
116 silly get     'accept-ranges': 'bytes',
116 silly get     date: 'Tue, 27 Jun 2017 09:28:11 GMT',
116 silly get     via: '1.1 varnish',
116 silly get     age: '0',
116 silly get     connection: 'keep-alive',
116 silly get     'x-served-by': 'cache-lcy1144-LCY',
116 silly get     'x-cache': 'HIT',
116 silly get     'x-cache-hits': '1',
116 silly get     'x-timer': 'S1498555691.295121,VS0,VE18',
116 silly get     vary: 'Accept-Encoding' } ]
117 verbose get saving cf-blob.js to C:\Users\wangt\AppData\Roaming\npm-cache\registry.npmjs.org\cf-blob.js\.cache.json
118 verbose correctMkdir C:\Users\wangt\AppData\Roaming\npm-cache correctMkdir not in flight; initializing
119 silly resolveWithNewModule cf-blob.js@0.0.1 checking installable status
120 silly cache add args [ 'cf-blob.js@0.0.1', null ]
121 verbose cache add spec cf-blob.js@0.0.1
122 silly cache add parsed spec Result {
122 silly cache add   raw: 'cf-blob.js@0.0.1',
122 silly cache add   scope: null,
122 silly cache add   escapedName: 'cf-blob.js',
122 silly cache add   name: 'cf-blob.js',
122 silly cache add   rawSpec: '0.0.1',
122 silly cache add   spec: '0.0.1',
122 silly cache add   type: 'version' }
123 silly addNamed cf-blob.js@0.0.1
124 verbose addNamed "0.0.1" is a plain semver version for cf-blob.js
125 silly mapToRegistry name cf-blob.js
126 silly mapToRegistry using default registry
127 silly mapToRegistry registry https://registry.npmjs.org/
128 silly mapToRegistry data Result {
128 silly mapToRegistry   raw: 'cf-blob.js',
128 silly mapToRegistry   scope: null,
128 silly mapToRegistry   escapedName: 'cf-blob.js',
128 silly mapToRegistry   name: 'cf-blob.js',
128 silly mapToRegistry   rawSpec: '',
128 silly mapToRegistry   spec: 'latest',
128 silly mapToRegistry   type: 'tag' }
129 silly mapToRegistry uri https://registry.npmjs.org/cf-blob.js
130 verbose addNameVersion registry:https://registry.npmjs.org/cf-blob.js not in flight; fetching
131 verbose get https://registry.npmjs.org/cf-blob.js not expired, no request
132 silly mapToRegistry name cf-blob.js
133 silly mapToRegistry using default registry
134 silly mapToRegistry registry https://registry.npmjs.org/
135 silly mapToRegistry data Result {
135 silly mapToRegistry   raw: 'cf-blob.js',
135 silly mapToRegistry   scope: null,
135 silly mapToRegistry   escapedName: 'cf-blob.js',
135 silly mapToRegistry   name: 'cf-blob.js',
135 silly mapToRegistry   rawSpec: '',
135 silly mapToRegistry   spec: 'latest',
135 silly mapToRegistry   type: 'tag' }
136 silly mapToRegistry uri https://registry.npmjs.org/cf-blob.js
137 verbose addRemoteTarball https://registry.npmjs.org/cf-blob.js/-/cf-blob.js-0.0.1.tgz not in flight; adding
138 verbose addRemoteTarball [ 'https://registry.npmjs.org/cf-blob.js/-/cf-blob.js-0.0.1.tgz',
138 verbose addRemoteTarball   'f5ab7e12e798caf08ccf828c69aba0f063d83f99' ]
139 info retry fetch attempt 1 at 10:28:11
140 info attempt registry request try #1 at 10:28:11
141 http fetch GET https://registry.npmjs.org/cf-blob.js/-/cf-blob.js-0.0.1.tgz
142 http fetch 200 https://registry.npmjs.org/cf-blob.js/-/cf-blob.js-0.0.1.tgz
143 silly fetchAndShaCheck shasum f5ab7e12e798caf08ccf828c69aba0f063d83f99
144 verbose addTmpTarball C:\Users\wangt\AppData\Local\Temp\npm-6768-0c2c32aa\registry.npmjs.org\cf-blob.js\-\cf-blob.js-0.0.1.tgz not in flight; adding
145 verbose addTmpTarball already have metadata; skipping unpack for cf-blob.js@0.0.1
146 verbose correctMkdir C:\Users\wangt\AppData\Roaming\npm-cache correctMkdir not in flight; initializing
147 silly cache afterAdd cf-blob.js@0.0.1
148 verbose afterAdd C:\Users\wangt\AppData\Roaming\npm-cache\cf-blob.js\0.0.1\package\package.json not in flight; writing
149 verbose correctMkdir C:\Users\wangt\AppData\Roaming\npm-cache correctMkdir not in flight; initializing
150 verbose afterAdd C:\Users\wangt\AppData\Roaming\npm-cache\cf-blob.js\0.0.1\package\package.json written
151 verbose git clone --template=C:\Users\wangt\AppData\Roaming\npm-cache\_git-remotes\_templates --mirror https://github.com/chick307/adler32cs.js.git C:\Users\wangt\AppData\Roaming\npm-cache\_git-remotes\git-https-github-com-chick307-adler32cs-js-git-574a3cb0: undefined
151 verbose git clone --template=C:\Users\wangt\AppData\Roaming\npm-cache\_git-remotes\_templates --mirror https://github.com/chick307/adler32cs.js.git C:\Users\wangt\AppData\Roaming\npm-cache\_git-remotes\git-https-github-com-chick307-adler32cs-js-git-574a3cb0: undefined
152 silly trySSH attempting to clone git@github.com:chick307/adler32cs.js.git
153 silly tryClone cloning chick307/adler32cs.js via git@github.com:chick307/adler32cs.js.git
154 verbose tryClone git-github-com-chick307-adler32cs-js-git-de4a87bb not in flight; caching
155 verbose correctMkdir C:\Users\wangt\AppData\Roaming\npm-cache\_git-remotes correctMkdir not in flight; initializing
156 verbose git clone --template=C:\Users\wangt\AppData\Roaming\npm-cache\_git-remotes\_templates --mirror https://github.com/andyinabox/FileSaver.js.git C:\Users\wangt\AppData\Roaming\npm-cache\_git-remotes\git-https-github-com-andyinabox-FileSaver-js-git-f13f0ce3: undefined
156 verbose git clone --template=C:\Users\wangt\AppData\Roaming\npm-cache\_git-remotes\_templates --mirror https://github.com/andyinabox/FileSaver.js.git C:\Users\wangt\AppData\Roaming\npm-cache\_git-remotes\git-https-github-com-andyinabox-FileSaver-js-git-f13f0ce3: undefined
157 silly trySSH attempting to clone git@github.com:andyinabox/FileSaver.js.git
158 silly tryClone cloning andyinabox/FileSaver.js via git@github.com:andyinabox/FileSaver.js.git
159 verbose tryClone git-github-com-andyinabox-FileSaver-js-git-e433c213 not in flight; caching
160 verbose correctMkdir C:\Users\wangt\AppData\Roaming\npm-cache\_git-remotes correctMkdir not in flight; initializing
161 error git clone --template=C:\Users\wangt\AppData\Roaming\npm-cache\_git-remotes\_templates --mirror git@github.com:chick307/adler32cs.js.git C:\Users\wangt\AppData\Roaming\npm-cache\_git-remotes\git-github-com-chick307-adler32cs-js-git-de4a87bb: undefined
161 error git clone --template=C:\Users\wangt\AppData\Roaming\npm-cache\_git-remotes\_templates --mirror git@github.com:chick307/adler32cs.js.git C:\Users\wangt\AppData\Roaming\npm-cache\_git-remotes\git-github-com-chick307-adler32cs-js-git-de4a87bb: undefined
162 silly fetchPackageMetaData Error: not found: git
162 silly fetchPackageMetaData     at getNotFoundError (C:\Users\wangt\AppData\Roaming\npm\node_modules\npm\node_modules\which\which.js:14:12)
162 silly fetchPackageMetaData     at F (C:\Users\wangt\AppData\Roaming\npm\node_modules\npm\node_modules\which\which.js:69:19)
162 silly fetchPackageMetaData     at E (C:\Users\wangt\AppData\Roaming\npm\node_modules\npm\node_modules\which\which.js:81:29)
162 silly fetchPackageMetaData     at C:\Users\wangt\AppData\Roaming\npm\node_modules\npm\node_modules\which\which.js:90:16
162 silly fetchPackageMetaData     at C:\Users\wangt\AppData\Roaming\npm\node_modules\npm\node_modules\which\node_modules\isexe\index.js:44:5
162 silly fetchPackageMetaData     at C:\Users\wangt\AppData\Roaming\npm\node_modules\npm\node_modules\which\node_modules\isexe\windows.js:29:5
162 silly fetchPackageMetaData     at C:\Users\wangt\AppData\Roaming\npm\node_modules\npm\node_modules\graceful-fs\polyfills.js:276:29
162 silly fetchPackageMetaData     at FSReqWrap.oncomplete (fs.js:123:15)
162 silly fetchPackageMetaData  error for adler32cs@github:chick307/adler32cs.js { Error: not found: git
162 silly fetchPackageMetaData     at getNotFoundError (C:\Users\wangt\AppData\Roaming\npm\node_modules\npm\node_modules\which\which.js:14:12)
162 silly fetchPackageMetaData     at F (C:\Users\wangt\AppData\Roaming\npm\node_modules\npm\node_modules\which\which.js:69:19)
162 silly fetchPackageMetaData     at E (C:\Users\wangt\AppData\Roaming\npm\node_modules\npm\node_modules\which\which.js:81:29)
162 silly fetchPackageMetaData     at C:\Users\wangt\AppData\Roaming\npm\node_modules\npm\node_modules\which\which.js:90:16
162 silly fetchPackageMetaData     at C:\Users\wangt\AppData\Roaming\npm\node_modules\npm\node_modules\which\node_modules\isexe\index.js:44:5
162 silly fetchPackageMetaData     at C:\Users\wangt\AppData\Roaming\npm\node_modules\npm\node_modules\which\node_modules\isexe\windows.js:29:5
162 silly fetchPackageMetaData     at C:\Users\wangt\AppData\Roaming\npm\node_modules\npm\node_modules\graceful-fs\polyfills.js:276:29
162 silly fetchPackageMetaData     at FSReqWrap.oncomplete (fs.js:123:15) code: 'ENOGIT' }
163 error git clone --template=C:\Users\wangt\AppData\Roaming\npm-cache\_git-remotes\_templates --mirror git@github.com:andyinabox/FileSaver.js.git C:\Users\wangt\AppData\Roaming\npm-cache\_git-remotes\git-github-com-andyinabox-FileSaver-js-git-e433c213: undefined
163 error git clone --template=C:\Users\wangt\AppData\Roaming\npm-cache\_git-remotes\_templates --mirror git@github.com:andyinabox/FileSaver.js.git C:\Users\wangt\AppData\Roaming\npm-cache\_git-remotes\git-github-com-andyinabox-FileSaver-js-git-e433c213: undefined
164 silly fetchPackageMetaData Error: not found: git
164 silly fetchPackageMetaData     at getNotFoundError (C:\Users\wangt\AppData\Roaming\npm\node_modules\npm\node_modules\which\which.js:14:12)
164 silly fetchPackageMetaData     at F (C:\Users\wangt\AppData\Roaming\npm\node_modules\npm\node_modules\which\which.js:69:19)
164 silly fetchPackageMetaData     at E (C:\Users\wangt\AppData\Roaming\npm\node_modules\npm\node_modules\which\which.js:81:29)
164 silly fetchPackageMetaData     at C:\Users\wangt\AppData\Roaming\npm\node_modules\npm\node_modules\which\which.js:90:16
164 silly fetchPackageMetaData     at C:\Users\wangt\AppData\Roaming\npm\node_modules\npm\node_modules\which\node_modules\isexe\index.js:44:5
164 silly fetchPackageMetaData     at C:\Users\wangt\AppData\Roaming\npm\node_modules\npm\node_modules\which\node_modules\isexe\windows.js:29:5
164 silly fetchPackageMetaData     at C:\Users\wangt\AppData\Roaming\npm\node_modules\npm\node_modules\graceful-fs\polyfills.js:276:29
164 silly fetchPackageMetaData     at FSReqWrap.oncomplete (fs.js:123:15)
164 silly fetchPackageMetaData  error for filesaver.js@github:andyinabox/FileSaver.js { Error: not found: git
164 silly fetchPackageMetaData     at getNotFoundError (C:\Users\wangt\AppData\Roaming\npm\node_modules\npm\node_modules\which\which.js:14:12)
164 silly fetchPackageMetaData     at F (C:\Users\wangt\AppData\Roaming\npm\node_modules\npm\node_modules\which\which.js:69:19)
164 silly fetchPackageMetaData     at E (C:\Users\wangt\AppData\Roaming\npm\node_modules\npm\node_modules\which\which.js:81:29)
164 silly fetchPackageMetaData     at C:\Users\wangt\AppData\Roaming\npm\node_modules\npm\node_modules\which\which.js:90:16
164 silly fetchPackageMetaData     at C:\Users\wangt\AppData\Roaming\npm\node_modules\npm\node_modules\which\node_modules\isexe\index.js:44:5
164 silly fetchPackageMetaData     at C:\Users\wangt\AppData\Roaming\npm\node_modules\npm\node_modules\which\node_modules\isexe\windows.js:29:5
164 silly fetchPackageMetaData     at C:\Users\wangt\AppData\Roaming\npm\node_modules\npm\node_modules\graceful-fs\polyfills.js:276:29
164 silly fetchPackageMetaData     at FSReqWrap.oncomplete (fs.js:123:15) code: 'ENOGIT' }
165 silly rollbackFailedOptional Starting
166 silly rollbackFailedOptional Finishing
167 silly runTopLevelLifecycles Finishing
168 silly install printInstalled
169 verbose stack Error: not found: git
169 verbose stack     at getNotFoundError (C:\Users\wangt\AppData\Roaming\npm\node_modules\npm\node_modules\which\which.js:14:12)
169 verbose stack     at F (C:\Users\wangt\AppData\Roaming\npm\node_modules\npm\node_modules\which\which.js:69:19)
169 verbose stack     at E (C:\Users\wangt\AppData\Roaming\npm\node_modules\npm\node_modules\which\which.js:81:29)
169 verbose stack     at C:\Users\wangt\AppData\Roaming\npm\node_modules\npm\node_modules\which\which.js:90:16
169 verbose stack     at C:\Users\wangt\AppData\Roaming\npm\node_modules\npm\node_modules\which\node_modules\isexe\index.js:44:5
169 verbose stack     at C:\Users\wangt\AppData\Roaming\npm\node_modules\npm\node_modules\which\node_modules\isexe\windows.js:29:5
169 verbose stack     at C:\Users\wangt\AppData\Roaming\npm\node_modules\npm\node_modules\graceful-fs\polyfills.js:276:29
169 verbose stack     at FSReqWrap.oncomplete (fs.js:123:15)
170 verbose cwd D:\WorkSpace\A.MD\AcademicMarkdown\interface
171 error Windows_NT 10.0.15063
172 error argv "C:\\Program Files\\nodejs\\node.exe" "C:\\Users\\wangt\\AppData\\Roaming\\npm\\node_modules\\npm\\bin\\npm-cli.js" "install" "--save" "jspdf"
173 error node v6.9.1
174 error npm  v4.0.2
175 error code ENOGIT
176 error not found: git
177 error Failed using git.
177 error This is most likely not a problem with npm itself.
177 error Please check if you have git installed and in your PATH.
178 verbose exit [ 1, true ]
